  [1m[36m (339.9ms)[0m  [1mCREATE TABLE `schema_migrations` (`version` varchar(255) NOT NULL) ENGINE=InnoDB[0m
  [1m[35m (300.3ms)[0m  CREATE UNIQUE INDEX `unique_schema_migrations` ON `schema_migrations` (`version`)
  [1m[36m (0.2ms)[0m  [1mSELECT `schema_migrations`.`version` FROM `schema_migrations` [0m
Migrating to DeviseCreateUsers (20111223144439)
  [1m[35m (135.8ms)[0m  CREATE TABLE `users` (`id` int(11) DEFAULT NULL auto_increment PRIMARY KEY, `email` varchar(255) DEFAULT '' NOT NULL, `encrypted_password` varchar(128) DEFAULT '' NOT NULL, `remember_created_at` datetime, `sign_in_count` int(11) DEFAULT 0, `current_sign_in_at` datetime, `last_sign_in_at` datetime, `current_sign_in_ip` varchar(255), `last_sign_in_ip` varchar(255), `created_at` datetime, `updated_at` datetime) ENGINE=InnoDB
  [1m[36m (292.0ms)[0m  [1mCREATE UNIQUE INDEX `index_users_on_email` ON `users` (`email`)[0m
  [1m[35m (74.0ms)[0m  INSERT INTO `schema_migrations` (`version`) VALUES ('20111223144439')
  [1m[36m (0.1ms)[0m  [1mSELECT `schema_migrations`.`version` FROM `schema_migrations` [0m
  [1m[36m (0.1ms)[0m  [1mSELECT `schema_migrations`.`version` FROM `schema_migrations` [0m
Migrating to DeviseCreateUsers (20111223144439)
Migrating to CreateCategories (20111223145409)
  [1m[35m (215.9ms)[0m  CREATE TABLE `categories` (`id` int(11) DEFAULT NULL auto_increment PRIMARY KEY, `title` varchar(255), `created_at` datetime, `updated_at` datetime) ENGINE=InnoDB
  [1m[36m (57.6ms)[0m  [1mINSERT INTO `schema_migrations` (`version`) VALUES ('20111223145409')[0m
Migrating to CreatePictures (20111223145456)
  [1m[35m (156.7ms)[0m  CREATE TABLE `pictures` (`id` int(11) DEFAULT NULL auto_increment PRIMARY KEY, `category_id` int(11), `created_at` datetime, `updated_at` datetime) ENGINE=InnoDB
  [1m[36m (57.7ms)[0m  [1mINSERT INTO `schema_migrations` (`version`) VALUES ('20111223145456')[0m
  [1m[35m (0.2ms)[0m  SELECT `schema_migrations`.`version` FROM `schema_migrations` 
  [1m[36m (0.1ms)[0m  [1mSELECT `schema_migrations`.`version` FROM `schema_migrations` [0m
  [1m[35m (0.1ms)[0m  SELECT `schema_migrations`.`version` FROM `schema_migrations` 
Migrating to CreatePictures (20111223145456)
  [1m[36m (93.8ms)[0m  [1mDROP TABLE `pictures`[0m
  [1m[35m (74.4ms)[0m  DELETE FROM `schema_migrations` WHERE `schema_migrations`.`version` = '20111223145456'
  [1m[36m (0.1ms)[0m  [1mSELECT `schema_migrations`.`version` FROM `schema_migrations` [0m
  [1m[36m (0.1ms)[0m  [1mSELECT `schema_migrations`.`version` FROM `schema_migrations` [0m
  [1m[35m (0.0ms)[0m  SELECT `schema_migrations`.`version` FROM `schema_migrations` 
Migrating to CreateCategories (20111223145409)
  [1m[36m (73.5ms)[0m  [1mDROP TABLE `categories`[0m
  [1m[35m (82.8ms)[0m  DELETE FROM `schema_migrations` WHERE `schema_migrations`.`version` = '20111223145409'
  [1m[36m (0.2ms)[0m  [1mSELECT `schema_migrations`.`version` FROM `schema_migrations` [0m
  [1m[36m (0.1ms)[0m  [1mSELECT `schema_migrations`.`version` FROM `schema_migrations` [0m
Migrating to DeviseCreateUsers (20111223144439)
Migrating to CreateCategories (20111223145656)
  [1m[35m (163.8ms)[0m  CREATE TABLE `categories` (`id` int(11) DEFAULT NULL auto_increment PRIMARY KEY, `title` varchar(255), `created_at` datetime, `updated_at` datetime) ENGINE=InnoDB
  [1m[36m (58.7ms)[0m  [1mINSERT INTO `schema_migrations` (`version`) VALUES ('20111223145656')[0m
Migrating to CreatePictures (20111223145711)
  [1m[35m (139.1ms)[0m  CREATE TABLE `pictures` (`id` int(11) DEFAULT NULL auto_increment PRIMARY KEY, `category_id` int(11), `created_at` datetime, `updated_at` datetime) ENGINE=InnoDB
  [1m[36m (49.5ms)[0m  [1mINSERT INTO `schema_migrations` (`version`) VALUES ('20111223145711')[0m
  [1m[35m (0.2ms)[0m  SELECT `schema_migrations`.`version` FROM `schema_migrations` 
  [1m[36m (0.1ms)[0m  [1mSELECT `schema_migrations`.`version` FROM `schema_migrations` [0m
Migrating to DeviseCreateUsers (20111223144439)
Migrating to CreateCategories (20111223145656)
Migrating to CreatePictures (20111223145711)
Migrating to AddImageColumnsToPicture (20111223145951)
  [1m[36m (0.1ms)[0m  [1mSELECT `schema_migrations`.`version` FROM `schema_migrations` [0m
Migrating to DeviseCreateUsers (20111223144439)
Migrating to CreateCategories (20111223145656)
Migrating to CreatePictures (20111223145711)
Migrating to AddImageColumnsToPicture (20111223145951)
  [1m[36m (0.1ms)[0m  [1mSELECT `schema_migrations`.`version` FROM `schema_migrations` [0m
Migrating to DeviseCreateUsers (20111223144439)
Migrating to CreateCategories (20111223145656)
Migrating to CreatePictures (20111223145711)
Migrating to AddImageColumnsToPicture (20111223145951)
  [1m[35m (218.5ms)[0m  ALTER TABLE `pictures` ADD `image_file_name` varchar(255)
  [1m[36m (183.8ms)[0m  [1mALTER TABLE `pictures` ADD `image_content_type` varchar(255)[0m
  [1m[35m (242.1ms)[0m  ALTER TABLE `pictures` ADD `image_file_size` int(11)
  [1m[36m (218.5ms)[0m  [1mALTER TABLE `pictures` ADD `image_updated_at` datetime[0m
  [1m[35m (57.5ms)[0m  INSERT INTO `schema_migrations` (`version`) VALUES ('20111223145951')
  [1m[36m (0.1ms)[0m  [1mSELECT `schema_migrations`.`version` FROM `schema_migrations` [0m


Started GET "/assets/rails.png" for 127.0.0.1 at 2011-12-23 17:17:54 +0200
Served asset /rails.png - 200 OK (40ms)


Started GET "/" for 127.0.0.1 at 2011-12-23 17:20:18 +0200
  Processing by CategoriesController#index as HTML
Completed 401 Unauthorized in 1ms


Started GET "/users/sign_in" for 127.0.0.1 at 2011-12-23 17:20:18 +0200
  Processing by Devise::SessionsController#new as HTML
Rendered /home/max/.rvm/gems/ruby-1.9.3-p0@event/gems/devise-1.5.3/app/views/devise/shared/_links.erb (1.5ms)
Rendered /home/max/.rvm/gems/ruby-1.9.3-p0@event/gems/devise-1.5.3/app/views/devise/sessions/new.html.erb within layouts/application (9.2ms)
Compiled application.css  (1ms)  (pid 9518)
Compiled categories.css  (3ms)  (pid 9518)
Compiled web_app_theme.css  (3ms)  (pid 9518)
Compiled web-app-theme/base.css  (0ms)  (pid 9518)
Compiled web-app-theme/themes/drastic-dark/style.css  (0ms)  (pid 9518)
Compiled application.js  (2ms)  (pid 9518)
Compiled jquery.js  (1ms)  (pid 9518)
Compiled jquery_ujs.js  (0ms)  (pid 9518)
Compiled categories.js  (449ms)  (pid 9518)
Completed 200 OK in 710ms (Views: 654.6ms | ActiveRecord: 1.6ms)


Started GET "/assets/application.css?body=1" for 127.0.0.1 at 2011-12-23 17:20:19 +0200
Served asset /application.css - 200 OK (0ms)


Started GET "/assets/web-app-theme/themes/drastic-dark/style.css?body=1" for 127.0.0.1 at 2011-12-23 17:20:19 +0200
Served asset /web-app-theme/themes/drastic-dark/style.css - 200 OK (12ms)


Started GET "/assets/web-app-theme/base.css?body=1" for 127.0.0.1 at 2011-12-23 17:20:19 +0200
Served asset /web-app-theme/base.css - 200 OK (2ms)


Started GET "/assets/categories.css?body=1" for 127.0.0.1 at 2011-12-23 17:20:19 +0200
Served asset /categories.css - 200 OK (1ms)


Started GET "/assets/web_app_theme.css?body=1" for 127.0.0.1 at 2011-12-23 17:20:19 +0200
Served asset /web_app_theme.css - 200 OK (2ms)


Started GET "/assets/jquery_ujs.js?body=1" for 127.0.0.1 at 2011-12-23 17:20:19 +0200
Served asset /jquery_ujs.js - 200 OK (1ms)


Started GET "/assets/jquery.js?body=1" for 127.0.0.1 at 2011-12-23 17:20:19 +0200
Served asset /jquery.js - 200 OK (4ms)


Started GET "/assets/application.js?body=1" for 127.0.0.1 at 2011-12-23 17:20:19 +0200
Served asset /application.js - 200 OK (0ms)


Started GET "/assets/categories.js?body=1" for 127.0.0.1 at 2011-12-23 17:20:19 +0200
Served asset /categories.js - 200 OK (1ms)


Started GET "/users/sign_up" for 127.0.0.1 at 2011-12-23 17:20:25 +0200
  Processing by Devise::RegistrationsController#new as HTML
Rendered /home/max/.rvm/gems/ruby-1.9.3-p0@event/gems/devise-1.5.3/app/views/devise/shared/_links.erb (35.4ms)
Rendered /home/max/.rvm/gems/ruby-1.9.3-p0@event/gems/devise-1.5.3/app/views/devise/registrations/new.html.erb within layouts/application (50.7ms)
Completed 200 OK in 72ms (Views: 61.7ms | ActiveRecord: 1.2ms)


Started POST "/users" for 127.0.0.1 at 2011-12-23 17:20:38 +0200
  Processing by Devise::RegistrationsController#create as HTML
  Parameters: {"utf8"=>"✓", "authenticity_token"=>"LMfzs/ac572O1Qi6I377KOd/WzK27ixzMInifhhxLLg=", "user"=>{"email"=>"test@test.com", "password"=>"[FILTERED]", "password_confirmation"=>"[FILTERED]"}, "commit"=>"Sign up"}
  [1m[36m (0.1ms)[0m  [1mBEGIN[0m
  [1m[35m (114.2ms)[0m  SELECT 1 FROM `users` WHERE `users`.`email` = BINARY 'test@test.com' LIMIT 1
  [1m[36mSQL (0.2ms)[0m  [1mINSERT INTO `users` (`created_at`, `current_sign_in_at`, `current_sign_in_ip`, `email`, `encrypted_password`, `last_sign_in_at`, `last_sign_in_ip`, `remember_created_at`, `sign_in_count`, `updated_at`) VALUES ('2011-12-23 15:20:39', NULL, NULL, 'test@test.com', '$2a$10$jdjw.EgJGXqYPBDVoM5jzOguNqb8a32H/HCytdIEeg.tjZKlBVqqC', NULL, NULL, NULL, 0, '2011-12-23 15:20:39')[0m
  [1m[35m (88.3ms)[0m  COMMIT
  [1m[36m (0.1ms)[0m  [1mBEGIN[0m
  [1m[35m (0.3ms)[0m  UPDATE `users` SET `last_sign_in_at` = '2011-12-23 15:20:39', `current_sign_in_at` = '2011-12-23 15:20:39', `last_sign_in_ip` = '127.0.0.1', `current_sign_in_ip` = '127.0.0.1', `sign_in_count` = 1, `updated_at` = '2011-12-23 15:20:39' WHERE `users`.`id` = 1
  [1m[36m (62.0ms)[0m  [1mCOMMIT[0m
Redirected to http://localhost:3000/
Completed 302 Found in 462ms


Started GET "/" for 127.0.0.1 at 2011-12-23 17:20:39 +0200
  Processing by CategoriesController#index as HTML
  [1m[35mUser Load (0.3ms)[0m  SELECT `users`.* FROM `users` WHERE `users`.`id` = 1 LIMIT 1
Rendered categories/index.html.erb within layouts/application (0.3ms)
Completed 200 OK in 30ms (Views: 7.6ms | ActiveRecord: 1.7ms)


Started GET "/" for 127.0.0.1 at 2011-12-23 17:21:21 +0200
  Processing by CategoriesController#index as HTML
  [1m[36mUser Load (0.2ms)[0m  [1mSELECT `users`.* FROM `users` WHERE `users`.`id` = 1 LIMIT 1[0m
Rendered categories/index.html.erb within layouts/application (0.1ms)
Compiled web_app_theme.css  (0ms)  (pid 9518)
Compiled application.css  (4ms)  (pid 9518)
Completed 200 OK in 43ms (Views: 19.6ms | ActiveRecord: 1.8ms)


Started GET "/assets/web-app-theme/base.css?body=1" for 127.0.0.1 at 2011-12-23 17:21:22 +0200
Served asset /web-app-theme/base.css - 304 Not Modified (0ms)


Started GET "/assets/web-app-theme/themes/drastic-dark/style.css?body=1" for 127.0.0.1 at 2011-12-23 17:21:22 +0200
Served asset /web-app-theme/themes/drastic-dark/style.css - 304 Not Modified (0ms)


Started GET "/assets/application.css?body=1" for 127.0.0.1 at 2011-12-23 17:21:22 +0200
Served asset /application.css - 200 OK (0ms)


Started GET "/assets/jquery.js?body=1" for 127.0.0.1 at 2011-12-23 17:21:22 +0200
Served asset /jquery.js - 304 Not Modified (0ms)


Started GET "/assets/jquery_ujs.js?body=1" for 127.0.0.1 at 2011-12-23 17:21:22 +0200
Served asset /jquery_ujs.js - 304 Not Modified (0ms)


Started GET "/assets/categories.js?body=1" for 127.0.0.1 at 2011-12-23 17:21:22 +0200
Served asset /categories.js - 304 Not Modified (0ms)


Started GET "/assets/application.js?body=1" for 127.0.0.1 at 2011-12-23 17:21:22 +0200
Served asset /application.js - 304 Not Modified (0ms)


Started GET "/" for 127.0.0.1 at 2011-12-23 17:21:25 +0200
  Processing by CategoriesController#index as HTML
  [1m[35mUser Load (0.1ms)[0m  SELECT `users`.* FROM `users` WHERE `users`.`id` = 1 LIMIT 1
Rendered categories/index.html.erb within layouts/application (0.0ms)
Completed 200 OK in 62ms (Views: 7.0ms | ActiveRecord: 1.3ms)


Started GET "/assets/web-app-theme/themes/drastic-dark/style.css?body=1" for 127.0.0.1 at 2011-12-23 17:21:25 +0200
Served asset /web-app-theme/themes/drastic-dark/style.css - 200 OK (0ms)


Started GET "/assets/jquery.js?body=1" for 127.0.0.1 at 2011-12-23 17:21:25 +0200
Served asset /jquery.js - 200 OK (0ms)


Started GET "/assets/application.css?body=1" for 127.0.0.1 at 2011-12-23 17:21:25 +0200
Served asset /application.css - 200 OK (0ms)


Started GET "/assets/application.js?body=1" for 127.0.0.1 at 2011-12-23 17:21:25 +0200
Served asset /application.js - 200 OK (0ms)


Started GET "/assets/web-app-theme/base.css?body=1" for 127.0.0.1 at 2011-12-23 17:21:25 +0200
Served asset /web-app-theme/base.css - 200 OK (0ms)


Started GET "/assets/jquery_ujs.js?body=1" for 127.0.0.1 at 2011-12-23 17:21:25 +0200
Served asset /jquery_ujs.js - 200 OK (0ms)


Started GET "/assets/categories.js?body=1" for 127.0.0.1 at 2011-12-23 17:21:25 +0200
Served asset /categories.js - 200 OK (0ms)


Started GET "/" for 127.0.0.1 at 2011-12-23 17:21:41 +0200
  Processing by CategoriesController#index as HTML
  [1m[36mUser Load (0.1ms)[0m  [1mSELECT `users`.* FROM `users` WHERE `users`.`id` = 1 LIMIT 1[0m
Rendered categories/index.html.erb within layouts/application (0.1ms)
Completed 500 Internal Server Error in 35ms

ActionView::Template::Error (require_self can only be called once per source file
  (in /home/max/work/github/eventsys/app/assets/stylesheets/application.css:13)):
    2: <html>
    3: <head>
    4:   <title>Eventsys</title>
    5:   <%= stylesheet_link_tag    "application" %>
    6:   <%= javascript_include_tag "application" %>
    7:   <%= csrf_meta_tags %>
    8: </head>
  app/views/layouts/application.html.erb:5:in `_app_views_layouts_application_html_erb___460183326480043002_26450940'

Rendered /home/max/.rvm/gems/ruby-1.9.3-p0@event/gems/actionpack-3.1.3/lib/action_dispatch/middleware/templates/rescues/_trace.erb (1.9ms)
Rendered /home/max/.rvm/gems/ruby-1.9.3-p0@event/gems/actionpack-3.1.3/lib/action_dispatch/middleware/templates/rescues/_request_and_response.erb (1.5ms)
Rendered /home/max/.rvm/gems/ruby-1.9.3-p0@event/gems/actionpack-3.1.3/lib/action_dispatch/middleware/templates/rescues/template_error.erb within rescues/layout (6.9ms)


Started GET "/" for 127.0.0.1 at 2011-12-23 17:22:10 +0200
  Processing by CategoriesController#index as HTML
  [1m[35mUser Load (0.1ms)[0m  SELECT `users`.* FROM `users` WHERE `users`.`id` = 1 LIMIT 1
Rendered categories/index.html.erb within layouts/application (0.0ms)
Compiled application.css  (3ms)  (pid 9518)
Completed 200 OK in 37ms (Views: 17.3ms | ActiveRecord: 1.3ms)


Started GET "/assets/web-app-theme/base.css?body=1" for 127.0.0.1 at 2011-12-23 17:22:10 +0200
Served asset /web-app-theme/base.css - 304 Not Modified (0ms)


Started GET "/assets/application.css?body=1" for 127.0.0.1 at 2011-12-23 17:22:10 +0200
Served asset /application.css - 200 OK (0ms)


Started GET "/assets/categories.css?body=1" for 127.0.0.1 at 2011-12-23 17:22:10 +0200
Served asset /categories.css - 304 Not Modified (0ms)


Started GET "/assets/web-app-theme/themes/drastic-dark/style.css?body=1" for 127.0.0.1 at 2011-12-23 17:22:10 +0200
Served asset /web-app-theme/themes/drastic-dark/style.css - 304 Not Modified (0ms)


Started GET "/assets/jquery.js?body=1" for 127.0.0.1 at 2011-12-23 17:22:10 +0200
Served asset /jquery.js - 304 Not Modified (0ms)


Started GET "/assets/web_app_theme.css?body=1" for 127.0.0.1 at 2011-12-23 17:22:10 +0200
Served asset /web_app_theme.css - 200 OK (1ms)


Started GET "/assets/jquery_ujs.js?body=1" for 127.0.0.1 at 2011-12-23 17:22:10 +0200
Served asset /jquery_ujs.js - 304 Not Modified (0ms)


Started GET "/assets/application.js?body=1" for 127.0.0.1 at 2011-12-23 17:22:10 +0200
Served asset /application.js - 304 Not Modified (0ms)


Started GET "/assets/categories.js?body=1" for 127.0.0.1 at 2011-12-23 17:22:10 +0200
Served asset /categories.js - 304 Not Modified (0ms)


Started GET "/" for 127.0.0.1 at 2011-12-23 17:22:11 +0200
  Processing by CategoriesController#index as HTML
  [1m[36mUser Load (0.1ms)[0m  [1mSELECT `users`.* FROM `users` WHERE `users`.`id` = 1 LIMIT 1[0m
Rendered categories/index.html.erb within layouts/application (0.0ms)
Completed 200 OK in 27ms (Views: 6.8ms | ActiveRecord: 1.3ms)


Started GET "/assets/application.css?body=1" for 127.0.0.1 at 2011-12-23 17:22:11 +0200
Served asset /application.css - 304 Not Modified (0ms)


Started GET "/assets/web-app-theme/base.css?body=1" for 127.0.0.1 at 2011-12-23 17:22:11 +0200
Served asset /web-app-theme/base.css - 304 Not Modified (0ms)


Started GET "/assets/web-app-theme/themes/drastic-dark/style.css?body=1" for 127.0.0.1 at 2011-12-23 17:22:11 +0200
Served asset /web-app-theme/themes/drastic-dark/style.css - 304 Not Modified (0ms)


Started GET "/assets/jquery.js?body=1" for 127.0.0.1 at 2011-12-23 17:22:11 +0200
Served asset /jquery.js - 304 Not Modified (0ms)


Started GET "/assets/web_app_theme.css?body=1" for 127.0.0.1 at 2011-12-23 17:22:11 +0200
Served asset /web_app_theme.css - 304 Not Modified (0ms)


Started GET "/assets/categories.css?body=1" for 127.0.0.1 at 2011-12-23 17:22:11 +0200
Served asset /categories.css - 304 Not Modified (0ms)


Started GET "/assets/jquery_ujs.js?body=1" for 127.0.0.1 at 2011-12-23 17:22:11 +0200
Served asset /jquery_ujs.js - 304 Not Modified (0ms)


Started GET "/assets/categories.js?body=1" for 127.0.0.1 at 2011-12-23 17:22:11 +0200
Served asset /categories.js - 304 Not Modified (0ms)


Started GET "/assets/application.js?body=1" for 127.0.0.1 at 2011-12-23 17:22:11 +0200
Served asset /application.js - 304 Not Modified (0ms)


Started GET "/" for 127.0.0.1 at 2011-12-23 17:22:47 +0200
  Processing by CategoriesController#index as HTML
  [1m[35mUser Load (0.1ms)[0m  SELECT `users`.* FROM `users` WHERE `users`.`id` = 1 LIMIT 1
Rendered categories/index.html.erb within layouts/application (0.0ms)
Completed 200 OK in 65ms (Views: 7.4ms | ActiveRecord: 1.2ms)


Started GET "/assets/web-app-theme/themes/drastic-dark/style.css?body=1" for 127.0.0.1 at 2011-12-23 17:22:47 +0200
Served asset /web-app-theme/themes/drastic-dark/style.css - 200 OK (0ms)


Started GET "/assets/web-app-theme/base.css?body=1" for 127.0.0.1 at 2011-12-23 17:22:47 +0200
Served asset /web-app-theme/base.css - 200 OK (0ms)


Started GET "/assets/application.css?body=1" for 127.0.0.1 at 2011-12-23 17:22:47 +0200
Served asset /application.css - 200 OK (0ms)


Started GET "/assets/categories.css?body=1" for 127.0.0.1 at 2011-12-23 17:22:47 +0200
Served asset /categories.css - 200 OK (0ms)


Started GET "/assets/jquery.js?body=1" for 127.0.0.1 at 2011-12-23 17:22:47 +0200
Served asset /jquery.js - 200 OK (0ms)


Started GET "/assets/jquery_ujs.js?body=1" for 127.0.0.1 at 2011-12-23 17:22:47 +0200
Served asset /jquery_ujs.js - 200 OK (0ms)


Started GET "/assets/categories.js?body=1" for 127.0.0.1 at 2011-12-23 17:22:47 +0200
Served asset /categories.js - 200 OK (0ms)


Started GET "/assets/web_app_theme.css?body=1" for 127.0.0.1 at 2011-12-23 17:22:47 +0200
Served asset /web_app_theme.css - 200 OK (0ms)


Started GET "/assets/application.js?body=1" for 127.0.0.1 at 2011-12-23 17:22:47 +0200
Served asset /application.js - 200 OK (1ms)


Started GET "/" for 127.0.0.1 at 2011-12-23 17:24:49 +0200
  Processing by CategoriesController#index as HTML
  [1m[36mUser Load (0.2ms)[0m  [1mSELECT `users`.* FROM `users` WHERE `users`.`id` = 1 LIMIT 1[0m
Rendered categories/index.html.erb within layouts/application (2.1ms)
Completed 500 Internal Server Error in 28ms

ActionView::Template::Error (You have a nil object when you didn't expect it!
You might have expected an instance of Array.
The error occurred while evaluating nil.each):
    17:                     <th><%= t("web-app-theme.created_at", :default => "Created at")  %></th>
    18:           <th class="last">&nbsp;</th>
    19:         </tr>
    20:         <% @categories.each do |category| -%>
    21:         <tr class="<%= cycle("odd", "even") %>">
    22:           <td>
    23:             <%= category.id %>
  app/views/categories/index.html.erb:20:in `_app_views_categories_index_html_erb__3483034037752459241_34165360'

Rendered /home/max/.rvm/gems/ruby-1.9.3-p0@event/gems/actionpack-3.1.3/lib/action_dispatch/middleware/templates/rescues/_trace.erb (1.2ms)
Rendered /home/max/.rvm/gems/ruby-1.9.3-p0@event/gems/actionpack-3.1.3/lib/action_dispatch/middleware/templates/rescues/_request_and_response.erb (1.1ms)
Rendered /home/max/.rvm/gems/ruby-1.9.3-p0@event/gems/actionpack-3.1.3/lib/action_dispatch/middleware/templates/rescues/template_error.erb within rescues/layout (4.7ms)


Started GET "/" for 127.0.0.1 at 2011-12-23 17:26:36 +0200
  Processing by CategoriesController#index as HTML
  [1m[35mUser Load (0.2ms)[0m  SELECT `users`.* FROM `users` WHERE `users`.`id` = 1 LIMIT 1
  [1m[36mCategory Load (0.3ms)[0m  [1mSELECT `categories`.* FROM `categories` [0m
Rendered categories/_sidebar.html.erb (0.4ms)
Rendered categories/index.html.erb within layouts/application (3.0ms)
Completed 200 OK in 38ms (Views: 10.9ms | ActiveRecord: 2.1ms)


Started GET "/assets/web-app-theme/themes/drastic-dark/style.css?body=1" for 127.0.0.1 at 2011-12-23 17:26:37 +0200
Served asset /web-app-theme/themes/drastic-dark/style.css - 304 Not Modified (0ms)


Started GET "/assets/web-app-theme/base.css?body=1" for 127.0.0.1 at 2011-12-23 17:26:37 +0200
Served asset /web-app-theme/base.css - 304 Not Modified (0ms)


Started GET "/assets/application.css?body=1" for 127.0.0.1 at 2011-12-23 17:26:37 +0200
Served asset /application.css - 304 Not Modified (0ms)


Started GET "/assets/categories.css?body=1" for 127.0.0.1 at 2011-12-23 17:26:37 +0200
Served asset /categories.css - 304 Not Modified (0ms)


Started GET "/assets/web_app_theme.css?body=1" for 127.0.0.1 at 2011-12-23 17:26:37 +0200
Served asset /web_app_theme.css - 304 Not Modified (0ms)


Started GET "/assets/jquery.js?body=1" for 127.0.0.1 at 2011-12-23 17:26:37 +0200
Served asset /jquery.js - 304 Not Modified (0ms)


Started GET "/assets/jquery_ujs.js?body=1" for 127.0.0.1 at 2011-12-23 17:26:37 +0200
Served asset /jquery_ujs.js - 304 Not Modified (0ms)


Started GET "/assets/application.js?body=1" for 127.0.0.1 at 2011-12-23 17:26:37 +0200
Served asset /application.js - 304 Not Modified (0ms)


Started GET "/assets/categories.js?body=1" for 127.0.0.1 at 2011-12-23 17:26:37 +0200
Served asset /categories.js - 304 Not Modified (0ms)


Started GET "/" for 127.0.0.1 at 2011-12-23 17:33:27 +0200
  Processing by CategoriesController#index as HTML
  [1m[35mUser Load (0.1ms)[0m  SELECT `users`.* FROM `users` WHERE `users`.`id` = 1 LIMIT 1
  [1m[36mCategory Load (0.1ms)[0m  [1mSELECT `categories`.* FROM `categories` [0m
Rendered categories/_sidebar.html.haml (3.1ms)
Rendered categories/index.html.haml within layouts/application (11.3ms)
Compiled web_app_theme.css  (3ms)  (pid 9518)
Completed 500 Internal Server Error in 103ms

ActionView::Template::Error (wrong number of arguments (3 for 2)):
    3:   %head
    4:     %title Web App
    5:     = stylesheet_link_tag 'web_app_theme'
    6:     = javascript_include_tag :defaults, :cache => true
    7:     = csrf_meta_tag
    8:   %body
    9:     #container
  app/views/layouts/application.html.haml:6:in `_app_views_layouts_application_html_haml__2382928297604112670_24564600'

Rendered /home/max/.rvm/gems/ruby-1.9.3-p0@event/gems/actionpack-3.1.3/lib/action_dispatch/middleware/templates/rescues/_trace.erb (1.2ms)
Rendered /home/max/.rvm/gems/ruby-1.9.3-p0@event/gems/actionpack-3.1.3/lib/action_dispatch/middleware/templates/rescues/_request_and_response.erb (1.0ms)
Rendered /home/max/.rvm/gems/ruby-1.9.3-p0@event/gems/actionpack-3.1.3/lib/action_dispatch/middleware/templates/rescues/template_error.erb within rescues/layout (4.5ms)


Started GET "/" for 127.0.0.1 at 2011-12-23 17:33:28 +0200
  Processing by CategoriesController#index as HTML
  [1m[35mUser Load (0.1ms)[0m  SELECT `users`.* FROM `users` WHERE `users`.`id` = 1 LIMIT 1
  [1m[36mCategory Load (0.1ms)[0m  [1mSELECT `categories`.* FROM `categories` [0m
Rendered categories/_sidebar.html.haml (0.2ms)
Rendered categories/index.html.haml within layouts/application (2.9ms)
Completed 500 Internal Server Error in 79ms

ActionView::Template::Error (wrong number of arguments (3 for 2)):
    3:   %head
    4:     %title Web App
    5:     = stylesheet_link_tag 'web_app_theme'
    6:     = javascript_include_tag :defaults, :cache => true
    7:     = csrf_meta_tag
    8:   %body
    9:     #container
  app/views/layouts/application.html.haml:6:in `_app_views_layouts_application_html_haml__2382928297604112670_24564600'

Rendered /home/max/.rvm/gems/ruby-1.9.3-p0@event/gems/actionpack-3.1.3/lib/action_dispatch/middleware/templates/rescues/_trace.erb (1.3ms)
Rendered /home/max/.rvm/gems/ruby-1.9.3-p0@event/gems/actionpack-3.1.3/lib/action_dispatch/middleware/templates/rescues/_request_and_response.erb (1.2ms)
Rendered /home/max/.rvm/gems/ruby-1.9.3-p0@event/gems/actionpack-3.1.3/lib/action_dispatch/middleware/templates/rescues/template_error.erb within rescues/layout (6.2ms)


Started GET "/" for 127.0.0.1 at 2011-12-23 17:34:38 +0200
  Processing by CategoriesController#index as HTML
  [1m[35mUser Load (0.1ms)[0m  SELECT `users`.* FROM `users` WHERE `users`.`id` = 1 LIMIT 1
  [1m[36mCategory Load (0.2ms)[0m  [1mSELECT `categories`.* FROM `categories` [0m
Rendered categories/_sidebar.html.haml (0.2ms)
Rendered categories/index.html.haml within layouts/application (2.5ms)
Compiled application.css  (4ms)  (pid 9518)
Completed 500 Internal Server Error in 92ms

ActionView::Template::Error (wrong number of arguments (3 for 2)):
    3:   %head
    4:     %title Web App
    5:     = stylesheet_link_tag 'application'
    6:     = javascript_include_tag 'application', :cache => true
    7:     = csrf_meta_tag
    8:   %body
    9:     #container
  app/views/layouts/application.html.haml:6:in `_app_views_layouts_application_html_haml__2382928297604112670_36295460'

Rendered /home/max/.rvm/gems/ruby-1.9.3-p0@event/gems/actionpack-3.1.3/lib/action_dispatch/middleware/templates/rescues/_trace.erb (1.4ms)
Rendered /home/max/.rvm/gems/ruby-1.9.3-p0@event/gems/actionpack-3.1.3/lib/action_dispatch/middleware/templates/rescues/_request_and_response.erb (1.1ms)
Rendered /home/max/.rvm/gems/ruby-1.9.3-p0@event/gems/actionpack-3.1.3/lib/action_dispatch/middleware/templates/rescues/template_error.erb within rescues/layout (5.1ms)


Started GET "/" for 127.0.0.1 at 2011-12-23 17:34:39 +0200
  Processing by CategoriesController#index as HTML
  [1m[35mUser Load (0.2ms)[0m  SELECT `users`.* FROM `users` WHERE `users`.`id` = 1 LIMIT 1
  [1m[36mCategory Load (0.2ms)[0m  [1mSELECT `categories`.* FROM `categories` [0m
Rendered categories/_sidebar.html.haml (0.1ms)
Rendered categories/index.html.haml within layouts/application (1.7ms)
Completed 500 Internal Server Error in 32ms

ActionView::Template::Error (wrong number of arguments (3 for 2)):
    3:   %head
    4:     %title Web App
    5:     = stylesheet_link_tag 'application'
    6:     = javascript_include_tag 'application', :cache => true
    7:     = csrf_meta_tag
    8:   %body
    9:     #container
  app/views/layouts/application.html.haml:6:in `_app_views_layouts_application_html_haml__2382928297604112670_36295460'

Rendered /home/max/.rvm/gems/ruby-1.9.3-p0@event/gems/actionpack-3.1.3/lib/action_dispatch/middleware/templates/rescues/_trace.erb (1.1ms)
Rendered /home/max/.rvm/gems/ruby-1.9.3-p0@event/gems/actionpack-3.1.3/lib/action_dispatch/middleware/templates/rescues/_request_and_response.erb (1.0ms)
Rendered /home/max/.rvm/gems/ruby-1.9.3-p0@event/gems/actionpack-3.1.3/lib/action_dispatch/middleware/templates/rescues/template_error.erb within rescues/layout (4.1ms)


Started GET "/" for 127.0.0.1 at 2011-12-23 17:34:41 +0200
  Processing by CategoriesController#index as HTML
  [1m[35mUser Load (0.2ms)[0m  SELECT `users`.* FROM `users` WHERE `users`.`id` = 1 LIMIT 1
  [1m[36mCategory Load (0.5ms)[0m  [1mSELECT `categories`.* FROM `categories` [0m
Rendered categories/_sidebar.html.haml (0.1ms)
Rendered categories/index.html.haml within layouts/application (1.8ms)
Completed 500 Internal Server Error in 38ms

ActionView::Template::Error (wrong number of arguments (3 for 2)):
    3:   %head
    4:     %title Web App
    5:     = stylesheet_link_tag 'application'
    6:     = javascript_include_tag 'application', :cache => true
    7:     = csrf_meta_tag
    8:   %body
    9:     #container
  app/views/layouts/application.html.haml:6:in `_app_views_layouts_application_html_haml__2382928297604112670_36295460'

Rendered /home/max/.rvm/gems/ruby-1.9.3-p0@event/gems/actionpack-3.1.3/lib/action_dispatch/middleware/templates/rescues/_trace.erb (1.3ms)
Rendered /home/max/.rvm/gems/ruby-1.9.3-p0@event/gems/actionpack-3.1.3/lib/action_dispatch/middleware/templates/rescues/_request_and_response.erb (1.0ms)
Rendered /home/max/.rvm/gems/ruby-1.9.3-p0@event/gems/actionpack-3.1.3/lib/action_dispatch/middleware/templates/rescues/template_error.erb within rescues/layout (5.4ms)


Started GET "/" for 127.0.0.1 at 2011-12-23 17:34:48 +0200
  Processing by CategoriesController#index as HTML
  [1m[35mUser Load (0.1ms)[0m  SELECT `users`.* FROM `users` WHERE `users`.`id` = 1 LIMIT 1
  [1m[36mCategory Load (0.1ms)[0m  [1mSELECT `categories`.* FROM `categories` [0m
Rendered categories/_sidebar.html.haml (0.2ms)
Rendered categories/index.html.haml within layouts/application (2.8ms)
Completed 200 OK in 82ms (Views: 59.2ms | ActiveRecord: 1.7ms)


Started GET "/assets/web-app-theme/themes/drastic-dark/style.css?body=1" for 127.0.0.1 at 2011-12-23 17:34:48 +0200
Served asset /web-app-theme/themes/drastic-dark/style.css - 304 Not Modified (0ms)


Started GET "/assets/web-app-theme/base.css?body=1" for 127.0.0.1 at 2011-12-23 17:34:48 +0200
Served asset /web-app-theme/base.css - 304 Not Modified (0ms)


Started GET "/assets/jquery_ujs.js?body=1" for 127.0.0.1 at 2011-12-23 17:34:48 +0200
Served asset /jquery_ujs.js - 304 Not Modified (0ms)


Started GET "/assets/categories.css?body=1" for 127.0.0.1 at 2011-12-23 17:34:48 +0200
Served asset /categories.css - 304 Not Modified (0ms)


Started GET "/assets/jquery.js?body=1" for 127.0.0.1 at 2011-12-23 17:34:48 +0200
Served asset /jquery.js - 304 Not Modified (0ms)


Started GET "/assets/application.css?body=1" for 127.0.0.1 at 2011-12-23 17:34:48 +0200
Served asset /application.css - 200 OK (0ms)


Started GET "/assets/application.js?body=1" for 127.0.0.1 at 2011-12-23 17:34:48 +0200
Served asset /application.js - 304 Not Modified (0ms)


Started GET "/assets/categories.js?body=1" for 127.0.0.1 at 2011-12-23 17:34:48 +0200
Served asset /categories.js - 304 Not Modified (0ms)


Started GET "/" for 127.0.0.1 at 2011-12-23 17:37:00 +0200
  Processing by CategoriesController#index as HTML
  [1m[35mUser Load (0.2ms)[0m  SELECT `users`.* FROM `users` WHERE `users`.`id` = 1 LIMIT 1
  [1m[36mCategory Load (0.1ms)[0m  [1mSELECT `categories`.* FROM `categories` [0m
Rendered categories/_sidebar.html.haml (0.2ms)
Rendered categories/index.html.haml within layouts/application (3.0ms)
Completed 200 OK in 41ms (Views: 18.9ms | ActiveRecord: 1.4ms)


Started GET "/assets/web-app-theme/themes/drastic-dark/style.css?body=1" for 127.0.0.1 at 2011-12-23 17:37:00 +0200
Served asset /web-app-theme/themes/drastic-dark/style.css - 304 Not Modified (0ms)


Started GET "/assets/web-app-theme/base.css?body=1" for 127.0.0.1 at 2011-12-23 17:37:00 +0200
Served asset /web-app-theme/base.css - 304 Not Modified (0ms)


Started GET "/assets/application.css?body=1" for 127.0.0.1 at 2011-12-23 17:37:00 +0200
Served asset /application.css - 304 Not Modified (0ms)


Started GET "/assets/jquery_ujs.js?body=1" for 127.0.0.1 at 2011-12-23 17:37:00 +0200
Served asset /jquery_ujs.js - 304 Not Modified (0ms)


Started GET "/assets/jquery.js?body=1" for 127.0.0.1 at 2011-12-23 17:37:00 +0200
Served asset /jquery.js - 304 Not Modified (0ms)


Started GET "/assets/categories.css?body=1" for 127.0.0.1 at 2011-12-23 17:37:00 +0200
Served asset /categories.css - 304 Not Modified (0ms)


Started GET "/assets/categories.js?body=1" for 127.0.0.1 at 2011-12-23 17:37:00 +0200
Served asset /categories.js - 304 Not Modified (0ms)


Started GET "/assets/application.js?body=1" for 127.0.0.1 at 2011-12-23 17:37:00 +0200
Served asset /application.js - 304 Not Modified (0ms)


Started GET "/" for 127.0.0.1 at 2011-12-23 17:37:50 +0200
  Processing by CategoriesController#index as HTML
  [1m[35mUser Load (0.1ms)[0m  SELECT `users`.* FROM `users` WHERE `users`.`id` = 1 LIMIT 1
  [1m[36mCategory Load (0.1ms)[0m  [1mSELECT `categories`.* FROM `categories` [0m
Rendered categories/_sidebar.html.haml (0.2ms)
Rendered categories/index.html.haml within layouts/application (2.4ms)
Completed 200 OK in 40ms (Views: 16.5ms | ActiveRecord: 1.7ms)


Started GET "/assets/web-app-theme/themes/drastic-dark/style.css?body=1" for 127.0.0.1 at 2011-12-23 17:37:50 +0200
Served asset /web-app-theme/themes/drastic-dark/style.css - 304 Not Modified (0ms)


Started GET "/assets/web-app-theme/base.css?body=1" for 127.0.0.1 at 2011-12-23 17:37:50 +0200
Served asset /web-app-theme/base.css - 304 Not Modified (0ms)


Started GET "/assets/application.css?body=1" for 127.0.0.1 at 2011-12-23 17:37:50 +0200
Served asset /application.css - 304 Not Modified (0ms)


Started GET "/assets/jquery_ujs.js?body=1" for 127.0.0.1 at 2011-12-23 17:37:50 +0200
Served asset /jquery_ujs.js - 304 Not Modified (0ms)


Started GET "/assets/categories.css?body=1" for 127.0.0.1 at 2011-12-23 17:37:50 +0200
Served asset /categories.css - 304 Not Modified (0ms)


Started GET "/assets/jquery.js?body=1" for 127.0.0.1 at 2011-12-23 17:37:50 +0200
Served asset /jquery.js - 304 Not Modified (0ms)


Started GET "/assets/application.js?body=1" for 127.0.0.1 at 2011-12-23 17:37:50 +0200
Served asset /application.js - 304 Not Modified (0ms)


Started GET "/assets/categories.js?body=1" for 127.0.0.1 at 2011-12-23 17:37:50 +0200
Served asset /categories.js - 304 Not Modified (0ms)


Started GET "/" for 127.0.0.1 at 2011-12-23 17:41:27 +0200
  Processing by CategoriesController#index as HTML
  [1m[35mUser Load (0.1ms)[0m  SELECT `users`.* FROM `users` WHERE `users`.`id` = 1 LIMIT 1
  [1m[36mCategory Load (1.6ms)[0m  [1mSELECT `categories`.* FROM `categories` [0m
Rendered categories/_sidebar.html.haml (0.2ms)
Rendered categories/index.html.haml within layouts/application (1.9ms)
Completed 200 OK in 95ms (Views: 17.1ms | ActiveRecord: 4.0ms)


Started GET "/assets/web-app-theme/themes/drastic-dark/style.css?body=1" for 127.0.0.1 at 2011-12-23 17:41:27 +0200
Served asset /web-app-theme/themes/drastic-dark/style.css - 304 Not Modified (0ms)


Started GET "/assets/web-app-theme/base.css?body=1" for 127.0.0.1 at 2011-12-23 17:41:27 +0200
Served asset /web-app-theme/base.css - 304 Not Modified (0ms)


Started GET "/assets/application.css?body=1" for 127.0.0.1 at 2011-12-23 17:41:27 +0200
Served asset /application.css - 304 Not Modified (0ms)


Started GET "/assets/categories.css?body=1" for 127.0.0.1 at 2011-12-23 17:41:27 +0200
Served asset /categories.css - 304 Not Modified (0ms)


Started GET "/assets/jquery.js?body=1" for 127.0.0.1 at 2011-12-23 17:41:27 +0200
Served asset /jquery.js - 304 Not Modified (0ms)


Started GET "/assets/jquery_ujs.js?body=1" for 127.0.0.1 at 2011-12-23 17:41:27 +0200
Served asset /jquery_ujs.js - 304 Not Modified (0ms)


Started GET "/assets/categories.js?body=1" for 127.0.0.1 at 2011-12-23 17:41:27 +0200
Served asset /categories.js - 304 Not Modified (0ms)


Started GET "/assets/application.js?body=1" for 127.0.0.1 at 2011-12-23 17:41:27 +0200
Served asset /application.js - 304 Not Modified (0ms)


Started GET "/logout" for 127.0.0.1 at 2011-12-23 17:44:52 +0200

ActionController::RoutingError (No route matches [GET] "/logout"):
  

Rendered /home/max/.rvm/gems/ruby-1.9.3-p0@event/gems/actionpack-3.1.3/lib/action_dispatch/middleware/templates/rescues/routing_error.erb within rescues/layout (0.6ms)


Started GET "/logout" for 127.0.0.1 at 2011-12-23 17:46:15 +0200

ActionController::RoutingError (No route matches [GET] "/logout"):
  

Rendered /home/max/.rvm/gems/ruby-1.9.3-p0@event/gems/actionpack-3.1.3/lib/action_dispatch/middleware/templates/rescues/routing_error.erb within rescues/layout (0.9ms)


Started GET "/" for 127.0.0.1 at 2011-12-23 17:46:19 +0200
  Processing by CategoriesController#index as HTML
  [1m[35mUser Load (0.1ms)[0m  SELECT `users`.* FROM `users` WHERE `users`.`id` = 1 LIMIT 1
  [1m[36mCategory Load (0.1ms)[0m  [1mSELECT `categories`.* FROM `categories` [0m
Rendered categories/_sidebar.html.haml (0.2ms)
Rendered categories/index.html.haml within layouts/application (2.6ms)
Completed 200 OK in 39ms (Views: 16.7ms | ActiveRecord: 1.6ms)


Started GET "/assets/web-app-theme/themes/drastic-dark/style.css?body=1" for 127.0.0.1 at 2011-12-23 17:46:19 +0200
Served asset /web-app-theme/themes/drastic-dark/style.css - 304 Not Modified (0ms)


Started GET "/assets/web-app-theme/base.css?body=1" for 127.0.0.1 at 2011-12-23 17:46:19 +0200
Served asset /web-app-theme/base.css - 304 Not Modified (0ms)


Started GET "/assets/application.css?body=1" for 127.0.0.1 at 2011-12-23 17:46:19 +0200
Served asset /application.css - 304 Not Modified (0ms)


Started GET "/assets/jquery.js?body=1" for 127.0.0.1 at 2011-12-23 17:46:19 +0200
Served asset /jquery.js - 304 Not Modified (0ms)


Started GET "/assets/categories.css?body=1" for 127.0.0.1 at 2011-12-23 17:46:19 +0200
Served asset /categories.css - 304 Not Modified (0ms)


Started GET "/assets/jquery_ujs.js?body=1" for 127.0.0.1 at 2011-12-23 17:46:19 +0200
Served asset /jquery_ujs.js - 304 Not Modified (0ms)


Started GET "/assets/application.js?body=1" for 127.0.0.1 at 2011-12-23 17:46:19 +0200
Served asset /application.js - 304 Not Modified (0ms)


Started GET "/assets/categories.js?body=1" for 127.0.0.1 at 2011-12-23 17:46:19 +0200
Served asset /categories.js - 304 Not Modified (0ms)


Started GET "/" for 127.0.0.1 at 2011-12-23 17:46:44 +0200
  Processing by CategoriesController#index as HTML
  [1m[35mUser Load (0.1ms)[0m  SELECT `users`.* FROM `users` WHERE `users`.`id` = 1 LIMIT 1
  [1m[36mCategory Load (0.1ms)[0m  [1mSELECT `categories`.* FROM `categories` [0m
Rendered categories/_sidebar.html.haml (0.1ms)
Rendered categories/index.html.haml within layouts/application (1.7ms)
Completed 200 OK in 37ms (Views: 14.8ms | ActiveRecord: 1.4ms)


Started GET "/assets/web-app-theme/base.css?body=1" for 127.0.0.1 at 2011-12-23 17:46:44 +0200
Served asset /web-app-theme/base.css - 304 Not Modified (0ms)


Started GET "/assets/web-app-theme/themes/drastic-dark/style.css?body=1" for 127.0.0.1 at 2011-12-23 17:46:44 +0200
Served asset /web-app-theme/themes/drastic-dark/style.css - 304 Not Modified (0ms)


Started GET "/assets/jquery.js?body=1" for 127.0.0.1 at 2011-12-23 17:46:44 +0200
Served asset /jquery.js - 304 Not Modified (0ms)


Started GET "/assets/jquery_ujs.js?body=1" for 127.0.0.1 at 2011-12-23 17:46:44 +0200
Served asset /jquery_ujs.js - 304 Not Modified (0ms)


Started GET "/assets/categories.js?body=1" for 127.0.0.1 at 2011-12-23 17:46:44 +0200
Served asset /categories.js - 304 Not Modified (0ms)


Started GET "/assets/application.js?body=1" for 127.0.0.1 at 2011-12-23 17:46:44 +0200
Served asset /application.js - 304 Not Modified (0ms)


Started GET "/assets/categories.css?body=1" for 127.0.0.1 at 2011-12-23 17:46:44 +0200
Served asset /categories.css - 304 Not Modified (0ms)


Started GET "/assets/application.css?body=1" for 127.0.0.1 at 2011-12-23 17:46:44 +0200
Served asset /application.css - 304 Not Modified (0ms)


Started GET "/" for 127.0.0.1 at 2011-12-23 17:46:59 +0200
  Processing by CategoriesController#index as HTML
  [1m[35mUser Load (0.1ms)[0m  SELECT `users`.* FROM `users` WHERE `users`.`id` = 1 LIMIT 1
  [1m[36mCategory Load (0.1ms)[0m  [1mSELECT `categories`.* FROM `categories` [0m
Rendered categories/_sidebar.html.haml (0.1ms)
Rendered categories/index.html.haml within layouts/application (2.1ms)
Completed 200 OK in 78ms (Views: 15.4ms | ActiveRecord: 1.3ms)


Started GET "/assets/web-app-theme/themes/drastic-dark/style.css?body=1" for 127.0.0.1 at 2011-12-23 17:46:59 +0200
Served asset /web-app-theme/themes/drastic-dark/style.css - 304 Not Modified (0ms)


Started GET "/assets/web-app-theme/base.css?body=1" for 127.0.0.1 at 2011-12-23 17:46:59 +0200
Served asset /web-app-theme/base.css - 304 Not Modified (0ms)


Started GET "/assets/application.css?body=1" for 127.0.0.1 at 2011-12-23 17:46:59 +0200
Served asset /application.css - 304 Not Modified (0ms)


Started GET "/assets/jquery_ujs.js?body=1" for 127.0.0.1 at 2011-12-23 17:46:59 +0200
Served asset /jquery_ujs.js - 304 Not Modified (0ms)


Started GET "/assets/jquery.js?body=1" for 127.0.0.1 at 2011-12-23 17:46:59 +0200
Served asset /jquery.js - 304 Not Modified (0ms)


Started GET "/assets/categories.css?body=1" for 127.0.0.1 at 2011-12-23 17:46:59 +0200
Served asset /categories.css - 304 Not Modified (0ms)


Started GET "/assets/categories.js?body=1" for 127.0.0.1 at 2011-12-23 17:46:59 +0200
Served asset /categories.js - 304 Not Modified (0ms)


Started GET "/assets/application.js?body=1" for 127.0.0.1 at 2011-12-23 17:46:59 +0200
Served asset /application.js - 304 Not Modified (0ms)


Started DELETE "/users/sign_out" for 127.0.0.1 at 2011-12-23 17:47:00 +0200
  Processing by Devise::SessionsController#destroy as HTML
  Parameters: {"authenticity_token"=>"LMfzs/ac572O1Qi6I377KOd/WzK27ixzMInifhhxLLg="}
  [1m[35mUser Load (0.1ms)[0m  SELECT `users`.* FROM `users` WHERE `users`.`id` = 1 LIMIT 1
  [1m[36m (0.1ms)[0m  [1mBEGIN[0m
  [1m[35m (0.0ms)[0m  COMMIT
Redirected to http://localhost:3000/
Completed 302 Found in 65ms


Started GET "/" for 127.0.0.1 at 2011-12-23 17:47:00 +0200
  Processing by CategoriesController#index as HTML
Completed 401 Unauthorized in 8ms


Started GET "/users/sign_in" for 127.0.0.1 at 2011-12-23 17:47:00 +0200
  Processing by Devise::SessionsController#new as HTML
Rendered /home/max/.rvm/gems/ruby-1.9.3-p0@event/gems/devise-1.5.3/app/views/devise/shared/_links.erb (0.8ms)
Rendered /home/max/.rvm/gems/ruby-1.9.3-p0@event/gems/devise-1.5.3/app/views/devise/sessions/new.html.erb within layouts/application (4.7ms)
Completed 200 OK in 75ms (Views: 54.5ms | ActiveRecord: 1.1ms)


Started GET "/assets/web-app-theme/base.css?body=1" for 127.0.0.1 at 2011-12-23 17:47:00 +0200
Served asset /web-app-theme/base.css - 304 Not Modified (0ms)


Started GET "/assets/web-app-theme/themes/drastic-dark/style.css?body=1" for 127.0.0.1 at 2011-12-23 17:47:00 +0200
Served asset /web-app-theme/themes/drastic-dark/style.css - 304 Not Modified (0ms)


Started GET "/assets/application.css?body=1" for 127.0.0.1 at 2011-12-23 17:47:00 +0200
Served asset /application.css - 304 Not Modified (0ms)


Started GET "/assets/categories.css?body=1" for 127.0.0.1 at 2011-12-23 17:47:00 +0200
Served asset /categories.css - 304 Not Modified (0ms)


Started GET "/assets/jquery.js?body=1" for 127.0.0.1 at 2011-12-23 17:47:00 +0200
Served asset /jquery.js - 304 Not Modified (0ms)


Started GET "/assets/jquery_ujs.js?body=1" for 127.0.0.1 at 2011-12-23 17:47:00 +0200
Served asset /jquery_ujs.js - 304 Not Modified (0ms)


Started GET "/assets/categories.js?body=1" for 127.0.0.1 at 2011-12-23 17:47:00 +0200
Served asset /categories.js - 304 Not Modified (0ms)


Started GET "/assets/application.js?body=1" for 127.0.0.1 at 2011-12-23 17:47:00 +0200
Served asset /application.js - 304 Not Modified (0ms)


Started POST "/users/sign_in" for 127.0.0.1 at 2011-12-23 17:48:09 +0200
  Processing by Devise::SessionsController#create as HTML
  Parameters: {"utf8"=>"✓", "authenticity_token"=>"jU477jY2kfz055x2Jm5T4Apk8jvyT3mK0slmfctT6og=", "user"=>{"email"=>"test@test.com", "password"=>"[FILTERED]", "remember_me"=>"0"}, "commit"=>"Sign in"}
  [1m[36mUser Load (0.3ms)[0m  [1mSELECT `users`.* FROM `users` WHERE `users`.`email` = 'test@test.com' LIMIT 1[0m
  [1m[35m (0.1ms)[0m  BEGIN
  [1m[36m (0.2ms)[0m  [1mUPDATE `users` SET `current_sign_in_at` = '2011-12-23 15:48:09', `sign_in_count` = 2, `updated_at` = '2011-12-23 15:48:09' WHERE `users`.`id` = 1[0m
  [1m[35m (55.4ms)[0m  COMMIT
Redirected to http://localhost:3000/
Completed 302 Found in 154ms


Started GET "/" for 127.0.0.1 at 2011-12-23 17:48:09 +0200
  Processing by CategoriesController#index as HTML
  [1m[36mUser Load (0.3ms)[0m  [1mSELECT `users`.* FROM `users` WHERE `users`.`id` = 1 LIMIT 1[0m
  [1m[35mCategory Load (0.1ms)[0m  SELECT `categories`.* FROM `categories` 
Rendered categories/_sidebar.html.haml (0.1ms)
Rendered categories/index.html.haml within layouts/application (1.8ms)
Completed 200 OK in 30ms (Views: 9.1ms | ActiveRecord: 1.6ms)


Started GET "/assets/web-app-theme/themes/drastic-dark/style.css?body=1" for 127.0.0.1 at 2011-12-23 17:48:09 +0200
Served asset /web-app-theme/themes/drastic-dark/style.css - 304 Not Modified (0ms)


Started GET "/assets/web-app-theme/base.css?body=1" for 127.0.0.1 at 2011-12-23 17:48:09 +0200
Served asset /web-app-theme/base.css - 304 Not Modified (0ms)


Started GET "/assets/application.css?body=1" for 127.0.0.1 at 2011-12-23 17:48:09 +0200
Served asset /application.css - 304 Not Modified (0ms)


Started GET "/assets/jquery.js?body=1" for 127.0.0.1 at 2011-12-23 17:48:09 +0200
Served asset /jquery.js - 304 Not Modified (0ms)


Started GET "/assets/jquery_ujs.js?body=1" for 127.0.0.1 at 2011-12-23 17:48:09 +0200
Served asset /jquery_ujs.js - 304 Not Modified (0ms)


Started GET "/assets/categories.css?body=1" for 127.0.0.1 at 2011-12-23 17:48:09 +0200
Served asset /categories.css - 304 Not Modified (0ms)


Started GET "/assets/categories.js?body=1" for 127.0.0.1 at 2011-12-23 17:48:09 +0200
Served asset /categories.js - 304 Not Modified (0ms)


Started GET "/assets/application.js?body=1" for 127.0.0.1 at 2011-12-23 17:48:09 +0200
Served asset /application.js - 304 Not Modified (0ms)


Started DELETE "/users/sign_out" for 127.0.0.1 at 2011-12-23 17:56:22 +0200
  Processing by Devise::SessionsController#destroy as HTML
  Parameters: {"authenticity_token"=>"jU477jY2kfz055x2Jm5T4Apk8jvyT3mK0slmfctT6og="}
  [1m[36mUser Load (0.2ms)[0m  [1mSELECT `users`.* FROM `users` WHERE `users`.`id` = 1 LIMIT 1[0m
  [1m[35m (0.1ms)[0m  BEGIN
  [1m[36m (0.0ms)[0m  [1mCOMMIT[0m
Redirected to http://localhost:3000/
Completed 302 Found in 23ms


Started GET "/" for 127.0.0.1 at 2011-12-23 17:56:22 +0200
  Processing by CategoriesController#index as HTML
Completed 401 Unauthorized in 10ms


Started GET "/users/sign_in" for 127.0.0.1 at 2011-12-23 17:56:23 +0200
  Processing by Devise::SessionsController#new as HTML
Rendered /home/max/.rvm/gems/ruby-1.9.3-p0@event/gems/devise-1.5.3/app/views/devise/shared/_links.erb (1.7ms)
Rendered /home/max/.rvm/gems/ruby-1.9.3-p0@event/gems/devise-1.5.3/app/views/devise/sessions/new.html.erb within layouts/application (41.5ms)
Compiled application.css  (4ms)  (pid 10818)
Compiled web_app_theme.css  (3ms)  (pid 10818)
Compiled web-app-theme/themes/default/style.css  (0ms)  (pid 10818)
Completed 200 OK in 155ms (Views: 135.5ms | ActiveRecord: 1.5ms)


Started GET "/assets/web-app-theme/themes/drastic-dark/style.css?body=1" for 127.0.0.1 at 2011-12-23 17:56:23 +0200
Served asset /web-app-theme/themes/drastic-dark/style.css - 304 Not Modified (2ms)


Started GET "/assets/web-app-theme/themes/default/style.css?body=1" for 127.0.0.1 at 2011-12-23 17:56:23 +0200
Served asset /web-app-theme/themes/default/style.css - 200 OK (2ms)


Started GET "/assets/web-app-theme/base.css?body=1" for 127.0.0.1 at 2011-12-23 17:56:23 +0200
Served asset /web-app-theme/base.css - 304 Not Modified (2ms)


Started GET "/assets/application.css?body=1" for 127.0.0.1 at 2011-12-23 17:56:23 +0200
Served asset /application.css - 200 OK (0ms)


Started GET "/assets/web_app_theme.css?body=1" for 127.0.0.1 at 2011-12-23 17:56:23 +0200
Served asset /web_app_theme.css - 200 OK (1ms)


Started GET "/assets/categories.css?body=1" for 127.0.0.1 at 2011-12-23 17:56:23 +0200
Served asset /categories.css - 304 Not Modified (1ms)


Started GET "/assets/jquery.js?body=1" for 127.0.0.1 at 2011-12-23 17:56:23 +0200
Served asset /jquery.js - 304 Not Modified (1ms)


Started GET "/assets/jquery_ujs.js?body=1" for 127.0.0.1 at 2011-12-23 17:56:23 +0200
Served asset /jquery_ujs.js - 304 Not Modified (2ms)


Started GET "/assets/categories.js?body=1" for 127.0.0.1 at 2011-12-23 17:56:23 +0200
Served asset /categories.js - 304 Not Modified (1ms)


Started GET "/assets/application.js?body=1" for 127.0.0.1 at 2011-12-23 17:56:23 +0200
Served asset /application.js - 304 Not Modified (0ms)


Started GET "/assets/web-app-theme/themes/default/fonts/museosans_500-webfont.woff" for 127.0.0.1 at 2011-12-23 17:56:23 +0200
Served asset /web-app-theme/themes/default/fonts/museosans_500-webfont.woff - 200 OK (3ms)


Started GET "/assets/web-app-theme/themes/default/fonts/museo700-regular-webfont.woff" for 127.0.0.1 at 2011-12-23 17:56:23 +0200
Served asset /web-app-theme/themes/default/fonts/museo700-regular-webfont.woff - 200 OK (4ms)


Started GET "/assets/web-app-theme/themes/default/images/bgd.jpg" for 127.0.0.1 at 2011-12-23 17:56:23 +0200
Served asset /web-app-theme/themes/default/images/bgd.jpg - 200 OK (3ms)


Started GET "/users/sign_in" for 127.0.0.1 at 2011-12-23 17:56:25 +0200
  Processing by Devise::SessionsController#new as HTML
Rendered /home/max/.rvm/gems/ruby-1.9.3-p0@event/gems/devise-1.5.3/app/views/devise/shared/_links.erb (0.7ms)
Rendered /home/max/.rvm/gems/ruby-1.9.3-p0@event/gems/devise-1.5.3/app/views/devise/sessions/new.html.erb within layouts/application (3.8ms)
Completed 200 OK in 72ms (Views: 14.1ms | ActiveRecord: 0.9ms)


Started GET "/assets/web-app-theme/themes/drastic-dark/style.css?body=1" for 127.0.0.1 at 2011-12-23 17:56:25 +0200
Served asset /web-app-theme/themes/drastic-dark/style.css - 304 Not Modified (0ms)


Started GET "/assets/application.css?body=1" for 127.0.0.1 at 2011-12-23 17:56:25 +0200
Served asset /application.css - 304 Not Modified (0ms)


Started GET "/assets/web-app-theme/base.css?body=1" for 127.0.0.1 at 2011-12-23 17:56:25 +0200
Served asset /web-app-theme/base.css - 304 Not Modified (0ms)


Started GET "/assets/categories.css?body=1" for 127.0.0.1 at 2011-12-23 17:56:25 +0200
Served asset /categories.css - 304 Not Modified (0ms)


Started GET "/assets/web_app_theme.css?body=1" for 127.0.0.1 at 2011-12-23 17:56:25 +0200
Served asset /web_app_theme.css - 304 Not Modified (0ms)


Started GET "/assets/web-app-theme/themes/default/style.css?body=1" for 127.0.0.1 at 2011-12-23 17:56:25 +0200
Served asset /web-app-theme/themes/default/style.css - 304 Not Modified (0ms)


Started GET "/assets/jquery.js?body=1" for 127.0.0.1 at 2011-12-23 17:56:25 +0200
Served asset /jquery.js - 304 Not Modified (0ms)


Started GET "/assets/jquery_ujs.js?body=1" for 127.0.0.1 at 2011-12-23 17:56:25 +0200
Served asset /jquery_ujs.js - 304 Not Modified (0ms)


Started GET "/assets/categories.js?body=1" for 127.0.0.1 at 2011-12-23 17:56:25 +0200
Served asset /categories.js - 304 Not Modified (0ms)


Started GET "/assets/application.js?body=1" for 127.0.0.1 at 2011-12-23 17:56:25 +0200
Served asset /application.js - 304 Not Modified (0ms)


Started GET "/assets/web-app-theme/themes/default/fonts/museosans_500-webfont.woff" for 127.0.0.1 at 2011-12-23 17:56:25 +0200
Served asset /web-app-theme/themes/default/fonts/museosans_500-webfont.woff - 304 Not Modified (0ms)


Started GET "/assets/web-app-theme/themes/default/fonts/museo700-regular-webfont.woff" for 127.0.0.1 at 2011-12-23 17:56:25 +0200
Served asset /web-app-theme/themes/default/fonts/museo700-regular-webfont.woff - 304 Not Modified (0ms)


Started GET "/assets/web-app-theme/themes/default/images/bgd.jpg" for 127.0.0.1 at 2011-12-23 17:56:25 +0200
Served asset /web-app-theme/themes/default/images/bgd.jpg - 304 Not Modified (0ms)
